This file contains any messages produced by compilers while
running configure, to aid debugging if configure makes a mistake.

It was created by SoX configure 14.4.3git, which was
generated by GNU Autoconf 2.72.  Invocation command line was

  $ ./configure --prefix=/tmp/store_e3711c9bcdf47872c754958745f215cc-sox-fir-sox-14.4.2-184-gf7e36bbb --program-suffix=-fir --disable-dependency-tracking --with-libltdl=no

## --------- ##
## Platform. ##
## --------- ##

hostname = kairos
uname -m = x86_64
uname -r = 6.12.33+deb13-amd64
uname -s = Linux
uname -v = #1 SMP PREEMPT_DYNAMIC Debian 6.12.33-1 (2025-06-19)

/usr/bin/uname -p = unknown
/bin/uname -X     = unknown

/bin/arch              = x86_64
/usr/bin/arch -k       = unknown
/usr/convex/getsysinfo = unknown
/usr/bin/hostinfo      = unknown
/bin/machine           = unknown
/usr/bin/oslevel       = unknown
/bin/universe          = unknown

PATH: /nix/store/k0i084vxyx3z0v02w9md6ka9hf39dw0n-developcopy-build-sox-fir/bin/
PATH: /nix/store/k0i084vxyx3z0v02w9md6ka9hf39dw0n-developcopy-build-sox-fir/sbin/
PATH: /usr/local/cuda-12.8/bin/
PATH: /opt/nvidia/nsight-compute/
PATH: /home/daedalus/.cargo/bin/
PATH: /home/daedalus/bin/
PATH: /home/daedalus/bin/sbin/
PATH: /home/daedalus/bin/library-management/pbthal/
PATH: /home/daedalus/bin/library-management/generic/
PATH: /home/daedalus/.local/bin/
PATH: /usr/sbin/
PATH: /usr/local/bin/
PATH: /usr/bin/
PATH: /bin/
PATH: /usr/local/games/
PATH: /usr/games/
PATH: /usr/local/cuda-12.9/bin/
PATH: /usr/local/go/bin/
PATH: /home/daedalus/go/bin/


## ----------- ##
## Core tests. ##
## ----------- ##

configure:2766: looking for aux files: compile config.guess config.sub ltmain.sh missing install-sh
configure:2779:  trying ./
configure:2808:   ./compile found
configure:2808:   ./config.guess found
configure:2808:   ./config.sub found
configure:2808:   ./ltmain.sh found
configure:2808:   ./missing found
configure:2790:   ./install-sh found
configure:2947: checking for a BSD-compatible install
configure:3021: result: /usr/bin/install -c
configure:3032: checking whether sleep supports fractional seconds
configure:3048: result: yes
configure:3051: checking filesystem timestamp resolution
configure:3186: result: 0.01
configure:3191: checking whether build environment is sane
configure:3232: result: yes
configure:3403: checking for a race-free mkdir -p
configure:3446: result: /usr/bin/mkdir -p
configure:3453: checking for gawk
configure:3474: found /usr/bin/gawk
configure:3486: result: gawk
configure:3497: checking whether make sets $(MAKE)
configure:3521: result: yes
configure:3547: checking whether make supports nested variables
configure:3566: result: yes
configure:3580: checking xargs -n works
configure:3596: result: yes
configure:3729: checking build system type
configure:3745: result: x86_64-pc-linux-gnu
configure:3765: checking host system type
configure:3780: result: x86_64-pc-linux-gnu
configure:3821: checking how to print strings
configure:3848: result: printf
configure:3882: checking whether make supports the include directive
configure:3897: make -f confmf.GNU && cat confinc.out
make[1]: Entering directory '/mnt/hodgepodge/dev/sox-fir'
make[1]: Leaving directory '/mnt/hodgepodge/dev/sox-fir'
this is the am__doit target
configure:3900: $? = 0
configure:3919: result: yes (GNU style)
configure:3996: checking for gcc
configure:4017: found /nix/store/k0i084vxyx3z0v02w9md6ka9hf39dw0n-developcopy-build-sox-fir/bin/gcc
configure:4029: result: gcc
configure:4388: checking for C compiler version
configure:4397: gcc --version >&5
gcc (GCC) 14.3.0
Copyright (C) 2024 Free Software Foundation, Inc.
This is free software; see the source for copying conditions.  There is NO
warranty; not even for MERCHANTABILITY or FITNESS FOR A PARTICULAR PURPOSE.

configure:4408: $? = 0
configure:4397: gcc -v >&5
Using built-in specs.
COLLECT_GCC=/nix/store/sa7j7cddyblhcb3ch3ds10w7nw75yjj1-gcc-14.3.0/bin/gcc
COLLECT_LTO_WRAPPER=/nix/store/sa7j7cddyblhcb3ch3ds10w7nw75yjj1-gcc-14.3.0/libexec/gcc/x86_64-unknown-linux-gnu/14.3.0/lto-wrapper
Target: x86_64-unknown-linux-gnu
Configured with: ../gcc-14.3.0/configure --prefix=/nix/store/eeeeeeeeeeeeeeeeeeeeeeeeeeeeeeee-gcc-14.3.0 --with-gmp-include=/nix/store/eeeeeeeeeeeeeeeeeeeeeeeeeeeeeeee-gmp-6.3.0-dev/include --with-gmp-lib=/nix/store/eeeeeeeeeeeeeeeeeeeeeeeeeeeeeeee-gmp-6.3.0/lib --with-mpfr-include=/nix/store/eeeeeeeeeeeeeeeeeeeeeeeeeeeeeeee-mpfr-4.2.2-dev/include --with-mpfr-lib=/nix/store/eeeeeeeeeeeeeeeeeeeeeeeeeeeeeeee-mpfr-4.2.2/lib --with-mpc=/nix/store/eeeeeeeeeeeeeeeeeeeeeeeeeeeeeeee-libmpc-1.3.1 --with-native-system-header-dir=/nix/store/eeeeeeeeeeeeeeeeeeeeeeeeeeeeeeee-glibc-2.40-66-dev/include --with-build-sysroot=/ --with-gxx-include-dir=/nix/store/eeeeeeeeeeeeeeeeeeeeeeeeeeeeeeee-gcc-14.3.0/include/c++/14.3.0/ --program-prefix= --enable-lto --disable-libstdcxx-pch --without-included-gettext --with-system-zlib --enable-static --enable-languages=c,c++ --disable-multilib --enable-plugin --disable-libcc1 --with-isl=/nix/store/eeeeeeeeeeeeeeeeeeeeeeeeeeeeeeee-isl-0.20 --disable-bootstrap --build=x86_64-unknown-linux-gnu --host=x86_64-unknown-linux-gnu --target=x86_64-unknown-linux-gnu
Thread model: posix
Supported LTO compression algorithms: zlib
gcc version 14.3.0 (GCC) 
configure:4408: $? = 0
configure:4397: gcc -V >&5
gcc: error: unrecognized command-line option '-V'
gcc: fatal error: no input files
compilation terminated.
configure:4408: $? = 1
configure:4397: gcc -qversion >&5
gcc: error: unrecognized command-line option '-qversion'; did you mean '--version'?
gcc: fatal error: no input files
compilation terminated.
configure:4408: $? = 1
configure:4397: gcc -version >&5
gcc: error: unrecognized command-line option '-version'
gcc: fatal error: no input files
compilation terminated.
configure:4408: $? = 1
configure:4428: checking whether the C compiler works
configure:4450: gcc    conftest.c  >&5
configure:4454: $? = 0
configure:4505: result: yes
configure:4509: checking for C compiler default output file name
configure:4511: result: a.out
configure:4517: checking for suffix of executables
configure:4524: gcc -o conftest    conftest.c  >&5
configure:4528: $? = 0
configure:4552: result: 
configure:4576: checking whether we are cross compiling
configure:4584: gcc -o conftest    conftest.c  >&5
configure:4588: $? = 0
configure:4595: ./conftest
configure:4599: $? = 0
configure:4614: result: no
configure:4620: checking for suffix of object files
configure:4643: gcc -c   conftest.c >&5
configure:4647: $? = 0
configure:4671: result: o
configure:4675: checking whether the compiler supports GNU C
configure:4695: gcc -c   conftest.c >&5
configure:4695: $? = 0
configure:4707: result: yes
configure:4718: checking whether gcc accepts -g
configure:4739: gcc -c -g  conftest.c >&5
configure:4739: $? = 0
configure:4786: result: yes
configure:4806: checking for gcc option to enable C11 features
configure:4821: gcc  -c -g -O2  conftest.c >&5
configure:4821: $? = 0
configure:4840: result: none needed
configure:4964: checking whether gcc understands -c and -o together
configure:4987: gcc -c conftest.c -o conftest2.o
configure:4990: $? = 0
configure:4987: gcc -c conftest.c -o conftest2.o
configure:4990: $? = 0
configure:5003: result: yes
configure:5022: checking dependency style of gcc
configure:5135: result: none
configure:5150: checking for a sed that does not truncate output
configure:5222: result: /nix/store/k0i084vxyx3z0v02w9md6ka9hf39dw0n-developcopy-build-sox-fir/bin/sed
configure:5240: checking for grep that handles long lines and -e
configure:5306: result: /nix/store/k0i084vxyx3z0v02w9md6ka9hf39dw0n-developcopy-build-sox-fir/bin/grep
configure:5311: checking for egrep
configure:5381: result: /nix/store/k0i084vxyx3z0v02w9md6ka9hf39dw0n-developcopy-build-sox-fir/bin/grep -E
configure:5388: checking for fgrep
configure:5458: result: /nix/store/k0i084vxyx3z0v02w9md6ka9hf39dw0n-developcopy-build-sox-fir/bin/grep -F
configure:5495: checking for ld used by gcc
configure:5564: result: /nix/store/k0i084vxyx3z0v02w9md6ka9hf39dw0n-developcopy-build-sox-fir/bin/ld
configure:5571: checking if the linker (/nix/store/k0i084vxyx3z0v02w9md6ka9hf39dw0n-developcopy-build-sox-fir/bin/ld) is GNU ld
configure:5588: result: yes
configure:5600: checking for BSD- or MS-compatible name lister (nm)
configure:5656: result: /nix/store/k0i084vxyx3z0v02w9md6ka9hf39dw0n-developcopy-build-sox-fir/bin/nm -B
configure:5798: checking the name lister (/nix/store/k0i084vxyx3z0v02w9md6ka9hf39dw0n-developcopy-build-sox-fir/bin/nm -B) interface
configure:5806: gcc -c -g -O2  conftest.c >&5
configure:5809: /nix/store/k0i084vxyx3z0v02w9md6ka9hf39dw0n-developcopy-build-sox-fir/bin/nm -B "conftest.o"
configure:5812: output
0000000000000000 B some_variable
configure:5820: result: BSD nm
configure:5823: checking whether ln -s works
configure:5827: result: yes
configure:5835: checking the maximum length of command line arguments
configure:5968: result: 1572864
configure:6016: checking how to convert x86_64-pc-linux-gnu file names to x86_64-pc-linux-gnu format
configure:6058: result: func_convert_file_noop
configure:6065: checking how to convert x86_64-pc-linux-gnu file names to toolchain format
configure:6087: result: func_convert_file_noop
configure:6094: checking for /nix/store/k0i084vxyx3z0v02w9md6ka9hf39dw0n-developcopy-build-sox-fir/bin/ld option to reload object files
configure:6103: result: -r
configure:6136: checking for file
configure:6157: found /nix/store/k0i084vxyx3z0v02w9md6ka9hf39dw0n-developcopy-build-sox-fir/bin/file
configure:6170: result: file
configure:6233: checking for objdump
configure:6254: found /nix/store/k0i084vxyx3z0v02w9md6ka9hf39dw0n-developcopy-build-sox-fir/bin/objdump
configure:6266: result: objdump
configure:6295: checking how to recognize dependent libraries
configure:6504: result: pass_all
configure:6595: checking for dlltool
configure:6631: result: no
configure:6658: checking how to associate runtime and link libraries
configure:6687: result: printf %s\n
configure:6748: checking for ranlib
configure:6769: found /nix/store/k0i084vxyx3z0v02w9md6ka9hf39dw0n-developcopy-build-sox-fir/bin/ranlib
configure:6781: result: ranlib
configure:6858: checking for ar
configure:6879: found /nix/store/k0i084vxyx3z0v02w9md6ka9hf39dw0n-developcopy-build-sox-fir/bin/ar
configure:6891: result: ar
configure:6944: checking for archiver @FILE support
configure:6962: gcc -c -g -O2  conftest.c >&5
configure:6962: $? = 0
configure:6966: ar cr libconftest.a @conftest.lst >&5
configure:6969: $? = 0
configure:6974: ar cr libconftest.a @conftest.lst >&5
ar: conftest.o: No such file or directory
configure:6977: $? = 1
configure:6990: result: @
configure:7054: checking for strip
configure:7075: found /nix/store/k0i084vxyx3z0v02w9md6ka9hf39dw0n-developcopy-build-sox-fir/bin/strip
configure:7087: result: strip
configure:7190: checking command to parse /nix/store/k0i084vxyx3z0v02w9md6ka9hf39dw0n-developcopy-build-sox-fir/bin/nm -B output from gcc object
configure:7344: gcc -c -g -O2  conftest.c >&5
configure:7347: $? = 0
configure:7351: /nix/store/k0i084vxyx3z0v02w9md6ka9hf39dw0n-developcopy-build-sox-fir/bin/nm -B conftest.o | /nix/store/k0i084vxyx3z0v02w9md6ka9hf39dw0n-developcopy-build-sox-fir/bin/sed -n -e 's/^.*[	 ]\([ABCDGIRSTW][ABCDGIRSTW]*\)[	 ][	 ]*\([_A-Za-z][_A-Za-z0-9]*\)$/\1 \2 \2/p' | /nix/store/k0i084vxyx3z0v02w9md6ka9hf39dw0n-developcopy-build-sox-fir/bin/sed '/ __gnu_lto/d' > conftest.nm
configure:7417: gcc -o conftest -g -O2   conftest.c conftstm.o >&5
configure:7420: $? = 0
configure:7459: result: ok
configure:7506: checking for sysroot
configure:7540: result: no
configure:7547: checking for a working dd
configure:7592: result: /usr/bin/dd
configure:7596: checking how to truncate binary pipes
configure:7613: result: /usr/bin/dd bs=4096 count=1
configure:7750: gcc -c -g -O2  conftest.c >&5
configure:7753: $? = 0
configure:7953: checking for mt
configure:7974: found /usr/bin/mt
configure:7986: result: mt
configure:8009: checking if mt is a manifest tool
configure:8016: mt '-?'
configure:8025: result: no
configure:8822: checking for stdio.h
configure:8822: gcc -c -g -O2  conftest.c >&5
configure:8822: $? = 0
configure:8822: result: yes
configure:8822: checking for stdlib.h
configure:8822: gcc -c -g -O2  conftest.c >&5
configure:8822: $? = 0
configure:8822: result: yes
configure:8822: checking for string.h
configure:8822: gcc -c -g -O2  conftest.c >&5
configure:8822: $? = 0
configure:8822: result: yes
configure:8822: checking for inttypes.h
configure:8822: gcc -c -g -O2  conftest.c >&5
configure:8822: $? = 0
configure:8822: result: yes
configure:8822: checking for stdint.h
configure:8822: gcc -c -g -O2  conftest.c >&5
configure:8822: $? = 0
configure:8822: result: yes
configure:8822: checking for strings.h
configure:8822: gcc -c -g -O2  conftest.c >&5
configure:8822: $? = 0
configure:8822: result: yes
configure:8822: checking for sys/stat.h
configure:8822: gcc -c -g -O2  conftest.c >&5
configure:8822: $? = 0
configure:8822: result: yes
configure:8822: checking for sys/types.h
configure:8822: gcc -c -g -O2  conftest.c >&5
configure:8822: $? = 0
configure:8822: result: yes
configure:8822: checking for unistd.h
configure:8822: gcc -c -g -O2  conftest.c >&5
configure:8822: $? = 0
configure:8822: result: yes
configure:8847: checking for dlfcn.h
configure:8847: gcc -c -g -O2  conftest.c >&5
configure:8847: $? = 0
configure:8847: result: yes
configure:9484: checking for objdir
configure:9501: result: .libs
configure:9767: checking if gcc supports -fno-rtti -fno-exceptions
configure:9786: gcc -c -g -O2  -fno-rtti -fno-exceptions conftest.c >&5
cc1: warning: command-line option '-fno-rtti' is valid for C++/D/ObjC++ but not for C
configure:9790: $? = 0
configure:9804: result: no
configure:10183: checking for gcc option to produce PIC
configure:10192: result: -fPIC -DPIC
configure:10200: checking if gcc PIC flag -fPIC -DPIC works
configure:10219: gcc -c -g -O2  -fPIC -DPIC -DPIC conftest.c >&5
configure:10223: $? = 0
configure:10237: result: yes
configure:10266: checking if gcc static flag -static works
configure:10296: result: no
configure:10311: checking if gcc supports -c -o file.o
configure:10333: gcc -c -g -O2  -o out/conftest2.o conftest.c >&5
configure:10337: $? = 0
configure:10360: result: yes
configure:10368: checking if gcc supports -c -o file.o
configure:10417: result: yes
configure:10450: checking whether the gcc linker (/nix/store/k0i084vxyx3z0v02w9md6ka9hf39dw0n-developcopy-build-sox-fir/bin/ld -m elf_x86_64) supports shared libraries
configure:11738: result: yes
configure:11775: checking whether -lc should be explicitly linked in
configure:11784: gcc -c -g -O2  conftest.c >&5
configure:11787: $? = 0
configure:11802: gcc -shared  -fPIC -DPIC conftest.o  -v -Wl,-soname -Wl,conftest -o conftest 2\>\&1 \| /nix/store/k0i084vxyx3z0v02w9md6ka9hf39dw0n-developcopy-build-sox-fir/bin/grep  -lc  \>/dev/null 2\>\&1
configure:11805: $? = 0
configure:11820: result: no
configure:11980: checking dynamic linker characteristics
configure:12599: gcc -o conftest -g -O2   -Wl,-rpath -Wl,/foo conftest.c  >&5
configure:12599: $? = 0
configure:13382: result: GNU/Linux ld.so
configure:13504: checking how to hardcode library paths into programs
configure:13529: result: immediate
configure:14129: checking whether stripping libraries is possible
configure:14138: result: yes
configure:14180: checking if libtool supports shared libraries
configure:14182: result: yes
configure:14185: checking whether to build shared libraries
configure:14210: result: yes
configure:14213: checking whether to build static libraries
configure:14217: result: yes
configure:14322: checking for gcc
configure:14355: result: gcc
configure:14714: checking for C compiler version
configure:14723: gcc --version >&5
gcc (GCC) 14.3.0
Copyright (C) 2024 Free Software Foundation, Inc.
This is free software; see the source for copying conditions.  There is NO
warranty; not even for MERCHANTABILITY or FITNESS FOR A PARTICULAR PURPOSE.

configure:14734: $? = 0
configure:14723: gcc -v >&5
Using built-in specs.
COLLECT_GCC=/nix/store/sa7j7cddyblhcb3ch3ds10w7nw75yjj1-gcc-14.3.0/bin/gcc
COLLECT_LTO_WRAPPER=/nix/store/sa7j7cddyblhcb3ch3ds10w7nw75yjj1-gcc-14.3.0/libexec/gcc/x86_64-unknown-linux-gnu/14.3.0/lto-wrapper
Target: x86_64-unknown-linux-gnu
Configured with: ../gcc-14.3.0/configure --prefix=/nix/store/eeeeeeeeeeeeeeeeeeeeeeeeeeeeeeee-gcc-14.3.0 --with-gmp-include=/nix/store/eeeeeeeeeeeeeeeeeeeeeeeeeeeeeeee-gmp-6.3.0-dev/include --with-gmp-lib=/nix/store/eeeeeeeeeeeeeeeeeeeeeeeeeeeeeeee-gmp-6.3.0/lib --with-mpfr-include=/nix/store/eeeeeeeeeeeeeeeeeeeeeeeeeeeeeeee-mpfr-4.2.2-dev/include --with-mpfr-lib=/nix/store/eeeeeeeeeeeeeeeeeeeeeeeeeeeeeeee-mpfr-4.2.2/lib --with-mpc=/nix/store/eeeeeeeeeeeeeeeeeeeeeeeeeeeeeeee-libmpc-1.3.1 --with-native-system-header-dir=/nix/store/eeeeeeeeeeeeeeeeeeeeeeeeeeeeeeee-glibc-2.40-66-dev/include --with-build-sysroot=/ --with-gxx-include-dir=/nix/store/eeeeeeeeeeeeeeeeeeeeeeeeeeeeeeee-gcc-14.3.0/include/c++/14.3.0/ --program-prefix= --enable-lto --disable-libstdcxx-pch --without-included-gettext --with-system-zlib --enable-static --enable-languages=c,c++ --disable-multilib --enable-plugin --disable-libcc1 --with-isl=/nix/store/eeeeeeeeeeeeeeeeeeeeeeeeeeeeeeee-isl-0.20 --disable-bootstrap --build=x86_64-unknown-linux-gnu --host=x86_64-unknown-linux-gnu --target=x86_64-unknown-linux-gnu
Thread model: posix
Supported LTO compression algorithms: zlib
gcc version 14.3.0 (GCC) 
configure:14734: $? = 0
configure:14723: gcc -V >&5
gcc: error: unrecognized command-line option '-V'
gcc: fatal error: no input files
compilation terminated.
configure:14734: $? = 1
configure:14723: gcc -qversion >&5
gcc: error: unrecognized command-line option '-qversion'; did you mean '--version'?
gcc: fatal error: no input files
compilation terminated.
configure:14734: $? = 1
configure:14723: gcc -version >&5
gcc: error: unrecognized command-line option '-version'
gcc: fatal error: no input files
compilation terminated.
configure:14734: $? = 1
configure:14738: checking whether the compiler supports GNU C
configure:14770: result: yes
configure:14781: checking whether gcc accepts -g
configure:14849: result: yes
configure:14869: checking for gcc option to enable C11 features
configure:14903: result: none needed
configure:15027: checking whether gcc understands -c and -o together
configure:15066: result: yes
configure:15085: checking dependency style of gcc
configure:15198: result: none
configure:15215: checking whether ln -s works
configure:15219: result: yes
configure:15287: checking for pkg-config
configure:15310: found /nix/store/k0i084vxyx3z0v02w9md6ka9hf39dw0n-developcopy-build-sox-fir/bin/pkg-config
configure:15323: result: /nix/store/k0i084vxyx3z0v02w9md6ka9hf39dw0n-developcopy-build-sox-fir/bin/pkg-config
configure:15348: checking pkg-config is at least version 0.9.0
configure:15351: result: yes

## ---------------- ##
## Cache variables. ##
## ---------------- ##

ac_cv_build=x86_64-pc-linux-gnu
ac_cv_c_compiler_gnu=yes
ac_cv_env_CC_set=
ac_cv_env_CC_value=
ac_cv_env_CFLAGS_set=
ac_cv_env_CFLAGS_value=
ac_cv_env_CPPFLAGS_set=
ac_cv_env_CPPFLAGS_value=
ac_cv_env_FLAC_CFLAGS_set=
ac_cv_env_FLAC_CFLAGS_value=
ac_cv_env_FLAC_LIBS_set=
ac_cv_env_FLAC_LIBS_value=
ac_cv_env_LDFLAGS_set=
ac_cv_env_LDFLAGS_value=
ac_cv_env_LIBS_set=
ac_cv_env_LIBS_value=
ac_cv_env_LT_SYS_LIBRARY_PATH_set=
ac_cv_env_LT_SYS_LIBRARY_PATH_value=
ac_cv_env_OGGVORBIS_CFLAGS_set=
ac_cv_env_OGGVORBIS_CFLAGS_value=
ac_cv_env_OGGVORBIS_LIBS_set=
ac_cv_env_OGGVORBIS_LIBS_value=
ac_cv_env_OPUS_CFLAGS_set=
ac_cv_env_OPUS_CFLAGS_value=
ac_cv_env_OPUS_LIBS_set=
ac_cv_env_OPUS_LIBS_value=
ac_cv_env_PKG_CONFIG_LIBDIR_set=
ac_cv_env_PKG_CONFIG_LIBDIR_value=
ac_cv_env_PKG_CONFIG_PATH_set=set
ac_cv_env_PKG_CONFIG_PATH_value=/nix/store/k0i084vxyx3z0v02w9md6ka9hf39dw0n-developcopy-build-sox-fir/lib/pkgconfig:/nix/store/k0i084vxyx3z0v02w9md6ka9hf39dw0n-developcopy-build-sox-fir/share/pkgconfig
ac_cv_env_PKG_CONFIG_set=
ac_cv_env_PKG_CONFIG_value=
ac_cv_env_build_alias_set=
ac_cv_env_build_alias_value=
ac_cv_env_host_alias_set=
ac_cv_env_host_alias_value=
ac_cv_env_target_alias_set=
ac_cv_env_target_alias_value=
ac_cv_header_dlfcn_h=yes
ac_cv_header_inttypes_h=yes
ac_cv_header_stdint_h=yes
ac_cv_header_stdio_h=yes
ac_cv_header_stdlib_h=yes
ac_cv_header_string_h=yes
ac_cv_header_strings_h=yes
ac_cv_header_sys_stat_h=yes
ac_cv_header_sys_types_h=yes
ac_cv_header_unistd_h=yes
ac_cv_host=x86_64-pc-linux-gnu
ac_cv_objext=o
ac_cv_path_EGREP='/nix/store/k0i084vxyx3z0v02w9md6ka9hf39dw0n-developcopy-build-sox-fir/bin/grep -E'
ac_cv_path_EGREP_TRADITIONAL='/nix/store/k0i084vxyx3z0v02w9md6ka9hf39dw0n-developcopy-build-sox-fir/bin/grep -E'
ac_cv_path_FGREP='/nix/store/k0i084vxyx3z0v02w9md6ka9hf39dw0n-developcopy-build-sox-fir/bin/grep -F'
ac_cv_path_GREP=/nix/store/k0i084vxyx3z0v02w9md6ka9hf39dw0n-developcopy-build-sox-fir/bin/grep
ac_cv_path_SED=/nix/store/k0i084vxyx3z0v02w9md6ka9hf39dw0n-developcopy-build-sox-fir/bin/sed
ac_cv_path_ac_pt_PKG_CONFIG=/nix/store/k0i084vxyx3z0v02w9md6ka9hf39dw0n-developcopy-build-sox-fir/bin/pkg-config
ac_cv_path_install='/usr/bin/install -c'
ac_cv_path_lt_DD=/usr/bin/dd
ac_cv_path_mkdir=/usr/bin/mkdir
ac_cv_prog_AWK=gawk
ac_cv_prog_FILECMD=file
ac_cv_prog_ac_ct_AR=ar
ac_cv_prog_ac_ct_CC=gcc
ac_cv_prog_ac_ct_MANIFEST_TOOL=mt
ac_cv_prog_ac_ct_OBJDUMP=objdump
ac_cv_prog_ac_ct_RANLIB=ranlib
ac_cv_prog_ac_ct_STRIP=strip
ac_cv_prog_cc_c11=
ac_cv_prog_cc_g=yes
ac_cv_prog_cc_stdc=
ac_cv_prog_make_make_set=yes
am_cv_CC_dependencies_compiler_type=none
am_cv_filesystem_timestamp_resolution=0.01
am_cv_make_support_nested_variables=yes
am_cv_prog_cc_c_o=yes
am_cv_sleep_fractional_seconds=yes
am_cv_xargs_n_works=yes
lt_cv_ar_at_file=@
lt_cv_archive_cmds_need_lc=no
lt_cv_deplibs_check_method=pass_all
lt_cv_file_magic_cmd='$MAGIC_CMD'
lt_cv_file_magic_test_file=
lt_cv_ld_reload_flag=-r
lt_cv_nm_interface='BSD nm'
lt_cv_objdir=.libs
lt_cv_path_LD=/nix/store/k0i084vxyx3z0v02w9md6ka9hf39dw0n-developcopy-build-sox-fir/bin/ld
lt_cv_path_NM='/nix/store/k0i084vxyx3z0v02w9md6ka9hf39dw0n-developcopy-build-sox-fir/bin/nm -B'
lt_cv_path_manifest_tool=no
lt_cv_prog_compiler_c_o=yes
lt_cv_prog_compiler_pic='-fPIC -DPIC'
lt_cv_prog_compiler_pic_works=yes
lt_cv_prog_compiler_rtti_exceptions=no
lt_cv_prog_compiler_static_works=no
lt_cv_prog_gnu_ld=yes
lt_cv_sharedlib_from_linklib_cmd='printf %s\n'
lt_cv_shlibpath_overrides_runpath=yes
lt_cv_sys_global_symbol_pipe='/nix/store/k0i084vxyx3z0v02w9md6ka9hf39dw0n-developcopy-build-sox-fir/bin/sed -n -e '\''s/^.*[	 ]\([ABCDGIRSTW][ABCDGIRSTW]*\)[	 ][	 ]*\([_A-Za-z][_A-Za-z0-9]*\)$/\1 \2 \2/p'\'' | /nix/store/k0i084vxyx3z0v02w9md6ka9hf39dw0n-developcopy-build-sox-fir/bin/sed '\''/ __gnu_lto/d'\'''
lt_cv_sys_global_symbol_to_c_name_address='/nix/store/k0i084vxyx3z0v02w9md6ka9hf39dw0n-developcopy-build-sox-fir/bin/sed -n -e '\''s/^: \(.*\) .*$/  {"\1", (void *) 0},/p'\'' -e '\''s/^[ABCDGIRSTW][ABCDGIRSTW]* .* \(.*\)$/  {"\1", (void *) \&\1},/p'\'''
lt_cv_sys_global_symbol_to_c_name_address_lib_prefix='/nix/store/k0i084vxyx3z0v02w9md6ka9hf39dw0n-developcopy-build-sox-fir/bin/sed -n -e '\''s/^: \(.*\) .*$/  {"\1", (void *) 0},/p'\'' -e '\''s/^[ABCDGIRSTW][ABCDGIRSTW]* .* \(lib.*\)$/  {"\1", (void *) \&\1},/p'\'' -e '\''s/^[ABCDGIRSTW][ABCDGIRSTW]* .* \(.*\)$/  {"lib\1", (void *) \&\1},/p'\'''
lt_cv_sys_global_symbol_to_cdecl='/nix/store/k0i084vxyx3z0v02w9md6ka9hf39dw0n-developcopy-build-sox-fir/bin/sed -n -e '\''s/^T .* \(.*\)$/extern int \1();/p'\'' -e '\''s/^[ABCDGIRSTW][ABCDGIRSTW]* .* \(.*\)$/extern char \1;/p'\'''
lt_cv_sys_global_symbol_to_import=
lt_cv_sys_max_cmd_len=1572864
lt_cv_to_host_file_cmd=func_convert_file_noop
lt_cv_to_tool_file_cmd=func_convert_file_noop
lt_cv_truncate_bin='/usr/bin/dd bs=4096 count=1'

## ----------------- ##
## Output variables. ##
## ----------------- ##

ACLOCAL='${SHELL} '\''/mnt/hodgepodge/dev/sox-fir/missing'\'' aclocal-1.17'
ALSA_CFLAGS=''
ALSA_LIBS=''
AMDEPBACKSLASH=''
AMDEP_FALSE=''
AMDEP_TRUE='#'
AMRNB_CFLAGS=''
AMRNB_LIBS=''
AMRWB_CFLAGS=''
AMRWB_LIBS=''
AMTAR='$${TAR-tar}'
AM_BACKSLASH='\'
AM_DEFAULT_V=''
AM_DEFAULT_VERBOSITY='0'
AM_V=''
AO_CFLAGS=''
AO_LIBS=''
AR='ar'
AS='as'
AUTOCONF='${SHELL} '\''/mnt/hodgepodge/dev/sox-fir/missing'\'' autoconf'
AUTOHEADER='${SHELL} '\''/mnt/hodgepodge/dev/sox-fir/missing'\'' autoheader'
AUTOMAKE='${SHELL} '\''/mnt/hodgepodge/dev/sox-fir/missing'\'' automake-1.17'
AWK='gawk'
CC='gcc'
CCDEPMODE='depmode=none'
CFLAGS='-g -O2'
COREAUDIO_CFLAGS=''
COREAUDIO_LIBS=''
CPPFLAGS=''
CSCOPE='cscope'
CTAGS='ctags'
CYGPATH_W='echo'
DEFS=''
DEPDIR='.deps'
DLLTOOL='false'
DSYMUTIL=''
DUMPBIN=''
ECHO_C=''
ECHO_N='-n'
ECHO_T=''
EGREP='/nix/store/k0i084vxyx3z0v02w9md6ka9hf39dw0n-developcopy-build-sox-fir/bin/grep -E'
ETAGS='etags'
EXEEXT=''
FGREP='/nix/store/k0i084vxyx3z0v02w9md6ka9hf39dw0n-developcopy-build-sox-fir/bin/grep -F'
FILECMD='file'
FLAC_CFLAGS=''
FLAC_LIBS=''
GREP='/nix/store/k0i084vxyx3z0v02w9md6ka9hf39dw0n-developcopy-build-sox-fir/bin/grep'
GSM_CFLAGS=''
GSM_LIBS=''
HAVE_ALSA_FALSE=''
HAVE_ALSA_TRUE=''
HAVE_AMRNB_FALSE=''
HAVE_AMRNB_TRUE=''
HAVE_AMRWB_FALSE=''
HAVE_AMRWB_TRUE=''
HAVE_AO_FALSE=''
HAVE_AO_TRUE=''
HAVE_COREAUDIO_FALSE=''
HAVE_COREAUDIO_TRUE=''
HAVE_FLAC_FALSE=''
HAVE_FLAC_TRUE=''
HAVE_FORMATS_FALSE=''
HAVE_FORMATS_TRUE=''
HAVE_GSM_FALSE=''
HAVE_GSM_TRUE=''
HAVE_ID3TAG_FALSE=''
HAVE_ID3TAG_TRUE=''
HAVE_LADSPA_FALSE=''
HAVE_LADSPA_TRUE=''
HAVE_LAME_FALSE=''
HAVE_LAME_TRUE=''
HAVE_LIBGSM_FALSE=''
HAVE_LIBGSM_TRUE=''
HAVE_LIBLPC10_FALSE=''
HAVE_LIBLPC10_TRUE=''
HAVE_LIBLTDL_FALSE=''
HAVE_LIBLTDL_TRUE=''
HAVE_LIBSNDFILE_FALSE=''
HAVE_LIBSNDFILE_TRUE=''
HAVE_LPC10_FALSE=''
HAVE_LPC10_TRUE=''
HAVE_MAD_FALSE=''
HAVE_MAD_TRUE=''
HAVE_MAGIC_FALSE=''
HAVE_MAGIC_TRUE=''
HAVE_MP3_FALSE=''
HAVE_MP3_TRUE=''
HAVE_OGGVORBIS_FALSE=''
HAVE_OGGVORBIS_TRUE=''
HAVE_OPENCORE_AMRNB_FALSE=''
HAVE_OPENCORE_AMRNB_TRUE=''
HAVE_OPENCORE_AMRWB_FALSE=''
HAVE_OPENCORE_AMRWB_TRUE=''
HAVE_OPUS_FALSE=''
HAVE_OPUS_TRUE=''
HAVE_OSS_FALSE=''
HAVE_OSS_TRUE=''
HAVE_PNG_FALSE=''
HAVE_PNG_TRUE=''
HAVE_PULSEAUDIO_FALSE=''
HAVE_PULSEAUDIO_TRUE=''
HAVE_SNDFILE_FALSE=''
HAVE_SNDFILE_TRUE=''
HAVE_SNDIO_FALSE=''
HAVE_SNDIO_TRUE=''
HAVE_SUNAUDIO_FALSE=''
HAVE_SUNAUDIO_TRUE=''
HAVE_TWOLAME_FALSE=''
HAVE_TWOLAME_TRUE=''
HAVE_VO_AMRWBENC_FALSE=''
HAVE_VO_AMRWBENC_TRUE=''
HAVE_WAVEAUDIO_FALSE=''
HAVE_WAVEAUDIO_TRUE=''
HAVE_WAVPACK_FALSE=''
HAVE_WAVPACK_TRUE=''
HAVE_WIN32_GLOB_FALSE=''
HAVE_WIN32_GLOB_TRUE=''
ID3TAG_CFLAGS=''
ID3TAG_LIBS=''
INSTALL_DATA='${INSTALL} -m 644'
INSTALL_PROGRAM='${INSTALL}'
INSTALL_SCRIPT='${INSTALL}'
INSTALL_STRIP_PROGRAM='$(install_sh) -c -s'
LADSPA_PATH=''
LAME_CFLAGS=''
LAME_LIBS=''
LD='/nix/store/k0i084vxyx3z0v02w9md6ka9hf39dw0n-developcopy-build-sox-fir/bin/ld -m elf_x86_64'
LDFLAGS=''
LIBALSA_CFLAGS=''
LIBALSA_LIBS=''
LIBAO_CFLAGS=''
LIBAO_LIBS=''
LIBCOREAUDIO_CFLAGS=''
LIBCOREAUDIO_LIBS=''
LIBGSM_CFLAGS=''
LIBGSM_LIBS=''
LIBLPC10_CFLAGS=''
LIBLPC10_LIBS=''
LIBLTDL_CFLAGS=''
LIBLTDL_LIBS=''
LIBOBJS=''
LIBPULSEAUDIO_CFLAGS=''
LIBPULSEAUDIO_LIBS=''
LIBS=''
LIBSNDFILE_CFLAGS=''
LIBSNDFILE_LIBS=''
LIBSNDIO_CFLAGS=''
LIBSNDIO_LIBS=''
LIBTOOL='$(SHELL) $(top_builddir)/libtool'
LIBWAVEAUDIO_CFLAGS=''
LIBWAVEAUDIO_LIBS=''
LIBWAVPACK_CFLAGS=''
LIBWAVPACK_LIBS=''
LIPO=''
LN_S='ln -s'
LPC10_CFLAGS=''
LPC10_LIBS=''
LTLIBOBJS=''
LT_SYS_LIBRARY_PATH=''
MAD_CFLAGS=''
MAD_LIBS=''
MAGIC_CFLAGS=''
MAGIC_LIBS=''
MAKEINFO='${SHELL} '\''/mnt/hodgepodge/dev/sox-fir/missing'\'' makeinfo'
MANIFEST_TOOL=':'
MKDIR_P='/usr/bin/mkdir -p'
MP3_CFLAGS=''
MP3_LIBS=''
NM='/nix/store/k0i084vxyx3z0v02w9md6ka9hf39dw0n-developcopy-build-sox-fir/bin/nm -B'
NMEDIT=''
OBJDUMP='objdump'
OBJEXT='o'
OGGVORBIS_CFLAGS=''
OGGVORBIS_LIBS=''
OPENCORE_AMRNB_CFLAGS=''
OPENCORE_AMRNB_LIBS=''
OPENCORE_AMRWB_CFLAGS=''
OPENCORE_AMRWB_LIBS=''
OPENMP_CFLAGS=''
OPUS_CFLAGS=''
OPUS_LIBS=''
OSS_CFLAGS=''
OSS_LIBS=''
OTOOL64=''
OTOOL=''
PACKAGE='sox'
PACKAGE_BUGREPORT='sox-devel@lists.sourceforge.net'
PACKAGE_NAME='SoX'
PACKAGE_STRING='SoX 14.4.3git'
PACKAGE_TARNAME='sox'
PACKAGE_URL=''
PACKAGE_VERSION='14.4.3git'
PATH_SEPARATOR=':'
PKG_CONFIG='/nix/store/k0i084vxyx3z0v02w9md6ka9hf39dw0n-developcopy-build-sox-fir/bin/pkg-config'
PKG_CONFIG_LIBDIR=''
PKG_CONFIG_PATH='/nix/store/k0i084vxyx3z0v02w9md6ka9hf39dw0n-developcopy-build-sox-fir/lib/pkgconfig:/nix/store/k0i084vxyx3z0v02w9md6ka9hf39dw0n-developcopy-build-sox-fir/share/pkgconfig'
PNG_CFLAGS=''
PNG_LIBS=''
PULSEAUDIO_CFLAGS=''
PULSEAUDIO_LIBS=''
RANLIB='ranlib'
SED='/nix/store/k0i084vxyx3z0v02w9md6ka9hf39dw0n-developcopy-build-sox-fir/bin/sed'
SET_MAKE=''
SHELL='/bin/bash'
SHLIB_VERSION='3:0:0'
SNDFILE_CFLAGS=''
SNDFILE_LIBS=''
SNDIO_CFLAGS=''
SNDIO_LIBS=''
STATIC_ALSA_FALSE=''
STATIC_ALSA_TRUE=''
STATIC_AMRNB_FALSE=''
STATIC_AMRNB_TRUE=''
STATIC_AMRWB_FALSE=''
STATIC_AMRWB_TRUE=''
STATIC_AO_FALSE=''
STATIC_AO_TRUE=''
STATIC_COREAUDIO_FALSE=''
STATIC_COREAUDIO_TRUE=''
STATIC_FLAC_FALSE=''
STATIC_FLAC_TRUE=''
STATIC_GSM_FALSE=''
STATIC_GSM_TRUE=''
STATIC_LIBSOX_ONLY_FALSE=''
STATIC_LIBSOX_ONLY_TRUE=''
STATIC_LPC10_FALSE=''
STATIC_LPC10_TRUE=''
STATIC_MP3_FALSE=''
STATIC_MP3_TRUE=''
STATIC_OGGVORBIS_FALSE=''
STATIC_OGGVORBIS_TRUE=''
STATIC_OPUS_FALSE=''
STATIC_OPUS_TRUE=''
STATIC_OSS_FALSE=''
STATIC_OSS_TRUE=''
STATIC_PULSEAUDIO_FALSE=''
STATIC_PULSEAUDIO_TRUE=''
STATIC_SNDFILE_FALSE=''
STATIC_SNDFILE_TRUE=''
STATIC_SNDIO_FALSE=''
STATIC_SNDIO_TRUE=''
STATIC_SUNAUDIO_FALSE=''
STATIC_SUNAUDIO_TRUE=''
STATIC_WAVEAUDIO_FALSE=''
STATIC_WAVEAUDIO_TRUE=''
STATIC_WAVPACK_FALSE=''
STATIC_WAVPACK_TRUE=''
STRIP='strip'
SUNAUDIO_CFLAGS=''
SUNAUDIO_LIBS=''
SYMLINKS=''
TWOLAME_CFLAGS=''
TWOLAME_LIBS=''
VERSION='14.4.3git'
VO_AMRWBENC_CFLAGS=''
VO_AMRWBENC_LIBS=''
WAVEAUDIO_CFLAGS=''
WAVEAUDIO_LIBS=''
WAVPACK_CFLAGS=''
WAVPACK_LIBS=''
ZLIB_CFLAGS=''
ZLIB_LIBS=''
ac_ct_AR='ar'
ac_ct_CC='gcc'
ac_ct_DUMPBIN=''
am__EXEEXT_FALSE=''
am__EXEEXT_TRUE=''
am__fastdepCC_FALSE=''
am__fastdepCC_TRUE='#'
am__include='include'
am__isrc=''
am__leading_dot='.'
am__nodep=''
am__quote=''
am__rm_f_notfound=''
am__tar='$${TAR-tar} chof - "$$tardir"'
am__untar='$${TAR-tar} xf -'
am__xargs_n='xargs -n'
bindir='${exec_prefix}/bin'
build='x86_64-pc-linux-gnu'
build_alias=''
build_cpu='x86_64'
build_os='linux-gnu'
build_vendor='pc'
datadir='${datarootdir}'
datarootdir='${prefix}/share'
docdir='${datarootdir}/doc/${PACKAGE_TARNAME}'
dvidir='${docdir}'
exec_prefix='NONE'
host='x86_64-pc-linux-gnu'
host_alias=''
host_cpu='x86_64'
host_os='linux-gnu'
host_vendor='pc'
htmldir='${docdir}'
includedir='${prefix}/include'
infodir='${datarootdir}/info'
install_sh='${SHELL} /mnt/hodgepodge/dev/sox-fir/install-sh'
libdir='${exec_prefix}/lib'
libexecdir='${exec_prefix}/libexec'
localedir='${datarootdir}/locale'
localstatedir='${prefix}/var'
mandir='${datarootdir}/man'
mkdir_p='$(MKDIR_P)'
oldincludedir='/usr/include'
pdfdir='${docdir}'
pkgconfigdir='${libdir}/pkgconfig'
prefix='/tmp/store_e3711c9bcdf47872c754958745f215cc-sox-fir-sox-14.4.2-184-gf7e36bbb'
program_transform_name='s&$$&-fir&'
psdir='${docdir}'
runstatedir='${localstatedir}/run'
sbindir='${exec_prefix}/sbin'
sharedstatedir='${prefix}/com'
sysconfdir='${prefix}/etc'
target_alias=''

## ----------- ##
## confdefs.h. ##
## ----------- ##

/* confdefs.h */
#define PACKAGE_NAME "SoX"
#define PACKAGE_TARNAME "sox"
#define PACKAGE_VERSION "14.4.3git"
#define PACKAGE_STRING "SoX 14.4.3git"
#define PACKAGE_BUGREPORT "sox-devel@lists.sourceforge.net"
#define PACKAGE_URL ""
#define PACKAGE "sox"
#define VERSION "14.4.3git"
#define HAVE_STDIO_H 1
#define HAVE_STDLIB_H 1
#define HAVE_STRING_H 1
#define HAVE_INTTYPES_H 1
#define HAVE_STDINT_H 1
#define HAVE_STRINGS_H 1
#define HAVE_SYS_STAT_H 1
#define HAVE_SYS_TYPES_H 1
#define HAVE_UNISTD_H 1
#define STDC_HEADERS 1
#define HAVE_DLFCN_H 1
#define LT_OBJDIR ".libs/"

configure: exit 2
